

Microchip Technology PIC LITE Macro Assembler V1.20 build 52243 
                                                                                               Mon Aug 04 21:53:44 2014

Microchip Technology Omniscient Code Generator (Lite mode) build 52243
     1                           	processor	16F88
     2                           	opt	pw 120
     3                           	opt	lm
     4                           	psect	maintext,global,class=CODE,split=1,delta=2
     5                           	psect	cinit,global,class=CODE,merge=1,delta=2
     6                           	psect	cstackCOMMON,global,class=COMMON,space=1,delta=1
     7                           	dabs	1,0x7E,2
     8  0000                     	;# 
     9  0001                     	;# 
    10  0002                     	;# 
    11  0003                     	;# 
    12  0004                     	;# 
    13  0005                     	;# 
    14  0006                     	;# 
    15  000A                     	;# 
    16  000B                     	;# 
    17  000C                     	;# 
    18  000D                     	;# 
    19  000E                     	;# 
    20  000E                     	;# 
    21  000F                     	;# 
    22  0010                     	;# 
    23  0011                     	;# 
    24  0012                     	;# 
    25  0013                     	;# 
    26  0014                     	;# 
    27  0015                     	;# 
    28  0015                     	;# 
    29  0016                     	;# 
    30  0017                     	;# 
    31  0018                     	;# 
    32  0019                     	;# 
    33  001A                     	;# 
    34  001E                     	;# 
    35  001F                     	;# 
    36  0081                     	;# 
    37  0085                     	;# 
    38  0086                     	;# 
    39  008C                     	;# 
    40  008D                     	;# 
    41  008E                     	;# 
    42  008F                     	;# 
    43  0090                     	;# 
    44  0092                     	;# 
    45  0093                     	;# 
    46  0094                     	;# 
    47  0098                     	;# 
    48  0099                     	;# 
    49  009B                     	;# 
    50  009C                     	;# 
    51  009D                     	;# 
    52  009E                     	;# 
    53  009F                     	;# 
    54  0105                     	;# 
    55  010C                     	;# 
    56  010D                     	;# 
    57  010E                     	;# 
    58  010F                     	;# 
    59  018C                     	;# 
    60  018D                     	;# 
    61                           
    62                           	psect	maintext
    63  07FB                     __pmaintext:	
    64                           
    65                           ; 0 bytes @ 0x0
    66 ;;
    67 ;;Main: autosize = 0, tempsize = 0, incstack = 0, save=0
    68 ;;
    69 ;; *************** function _main *****************
    70 ;; Defined at:
    71 ;;		line 11 in file "ctf.c"
    72 ;; Parameters:    Size  Location     Type
    73 ;;		None
    74 ;; Auto vars:     Size  Location     Type
    75 ;;		None
    76 ;; Return value:  Size  Location     Type
    77 ;;		None               void
    78 ;; Registers used:
    79 ;;		None
    80 ;; Tracked objects:
    81 ;;		On entry : 17F/0
    82 ;;		On exit  : 0/0
    83 ;;		Unchanged: 0/0
    84 ;; Data sizes:     COMMON   BANK0   BANK1   BANK3   BANK2
    85 ;;      Params:         0       0       0       0       0
    86 ;;      Locals:         0       0       0       0       0
    87 ;;      Temps:          0       0       0       0       0
    88 ;;      Totals:         0       0       0       0       0
    89 ;;Total ram usage:        0 bytes
    90 ;; This function calls:
    91 ;;		Nothing
    92 ;; This function is called by:
    93 ;;		Startup code after reset
    94 ;; This function uses a non-reentrant model
    95 ;;
    96  07FB                     _main:	
    97                           
    98                           ;ctf.c: 12: return;
    99                           
   100                           ;incstack = 0
   101                           ; Regs used in _main: []
   102  07FB  118A  2800         	ljmp	start
   103  07FD                     __end_of_main:	
   104  007E                     btemp	set	126	;btemp
   105  007E                     wtemp0	set	126
   106                           
   107                           	psect	cinit
   108  07FD                     start_initialization:	
   109                           ;psect for function _main
   110                           ; #config settings
   111                           
   112  07FD                     __initialization:	
   113  07FD                     end_of_initialization:	
   114                           ;End of C runtime variable initialization code
   115                           
   116  07FD                     __end_of__initialization:	
   117  07FD  0183               	clrf	3
   118  07FE  118A  2FFB         	ljmp	_main	;jump to C main() function
   119                           
   120                           	psect	cstackCOMMON
   121  0000                     __pcstackCOMMON:	
   122  0000                     ?_main:	
   123  0000                     ??_main:	
   124                           ; 0 bytes @ 0x0
   125                           


Data Sizes:
    Strings     0
    Constant    0
    Data        0
    BSS         0
    Persistent  0
    Stack       0

Auto Spaces:
    Space          Size  Autos    Used
    COMMON           14      0       0
    BANK0            80      0       0
    BANK1            80      0       0
    BANK3            96      0       0
    BANK2            96      0       0

Pointer List with Targets:

    None.

Critical Paths under _main in COMMON

    None.

Critical Paths under _main in BANK0

    None.

Critical Paths under _main in BANK1

    None.

Critical Paths under _main in BANK3

    None.

Critical Paths under _main in BANK2

    None.

Call Graph Tables:

 ---------------------------------------------------------------------------------
 (Depth) Function   	        Calls       Base Space   Used Autos Params    Refs
 ---------------------------------------------------------------------------------
 (0) _main                                                 0     0      0       0
 ---------------------------------------------------------------------------------
 Estimated maximum stack depth 0
 ---------------------------------------------------------------------------------

 Call Graph Graphs:

 _main (ROOT)

 Address spaces:
Name               Size   Autos  Total    Cost      Usage
BITCOMMON            E      0       0       0        0.0%
EEDATA             100      0       0       0        0.0%
NULL                 0      0       0       0        0.0%
CODE                 0      0       0       0        0.0%
COMMON               E      0       0       1        0.0%
BITSFR0              0      0       0       1        0.0%
SFR0                 0      0       0       1        0.0%
BITSFR1              0      0       0       2        0.0%
SFR1                 0      0       0       2        0.0%
STACK                0      0       0       2        0.0%
ABS                  0      0       0       3        0.0%
BITBANK0            50      0       0       4        0.0%
BITSFR3              0      0       0       4        0.0%
SFR3                 0      0       0       4        0.0%
BANK0               50      0       0       5        0.0%
BITSFR2              0      0       0       5        0.0%
SFR2                 0      0       0       5        0.0%
BITBANK1            50      0       0       6        0.0%
BANK1               50      0       0       7        0.0%
BITBANK3            60      0       0       8        0.0%
BANK3               60      0       0       9        0.0%
BITBANK2            60      0       0      10        0.0%
BANK2               60      0       0      11        0.0%
DATA                 0      0       0      12        0.0%


Microchip Technology PIC Macro Assembler V1.20 build 52243 
Symbol Table                                                                                   Mon Aug 04 21:53:44 2014

                   _main 07FB                     btemp 007E                     start 0000  
                  ?_main 0000                    status 0003                    wtemp0 007E  
        __initialization 07FD             __end_of_main 07FD                   ??_main 0000  
__end_of__initialization 07FD           __pcstackCOMMON 0000               __pmaintext 07FB  
   end_of_initialization 07FD      start_initialization 07FD            __size_of_main 0002  
